<?xml version="1.0" encoding="UTF-8"?>
<testsuite name="com.dailycode.graphqldemo.controller.PlayerControllerTest" tests="1" skipped="0" failures="0" errors="0" timestamp="2024-05-13T15:04:19" hostname="Somnaths-MBP.bbrouter" time="0.469">
  <properties/>
  <testcase name="testShouldDeletePlayer()" classname="com.dailycode.graphqldemo.controller.PlayerControllerTest" time="0.469"/>
  <system-out><![CDATA[20:34:18.406 [Test worker] INFO org.springframework.test.context.support.AnnotationConfigContextLoaderUtils -- Could not detect default configuration classes for test class [com.dailycode.graphqldemo.controller.PlayerControllerTest]: PlayerControllerTest does not declare any static, non-private, non-final, nested classes annotated with @Configuration.
20:34:18.472 [Test worker] INFO org.springframework.boot.test.context.SpringBootTestContextBootstrapper -- Found @SpringBootConfiguration com.dailycode.graphqldemo.GraphqlDemoApplication for test class com.dailycode.graphqldemo.controller.PlayerControllerTest

  .   ____          _            __ _ _
 /\\ / ___'_ __ _ _(_)_ __  __ _ \ \ \ \
( ( )\___ | '_ | '_| | '_ \/ _` | \ \ \ \
 \\/  ___)| |_)| | | | | || (_| |  ) ) ) )
  '  |____| .__|_| |_|_| |_\__, | / / / /
 =========|_|==============|___/=/_/_/_/
 :: Spring Boot ::                (v3.2.5)

2024-05-13T20:34:18.652+05:30  INFO 76996 --- [graphql-demo] [    Test worker] c.d.g.controller.PlayerControllerTest    : Starting PlayerControllerTest using Java 17.0.5 with PID 76996 (started by somnathmukherjee in /Users/somnathmukherjee/Documents/graphql)
2024-05-13T20:34:18.653+05:30  INFO 76996 --- [graphql-demo] [    Test worker] c.d.g.controller.PlayerControllerTest    : No active profile set, falling back to 1 default profile: "default"
2024-05-13T20:34:18.935+05:30  INFO 76996 --- [graphql-demo] [    Test worker] efaultSchemaResourceGraphQlSourceBuilder : Loaded 1 resource(s) in the GraphQL schema.
2024-05-13T20:34:19.071+05:30  INFO 76996 --- [graphql-demo] [    Test worker] o.s.b.a.g.GraphQlAutoConfiguration       : GraphQL schema inspection:
	Unmapped fields: {}
	Unmapped registrations: {}
	Skipped types: []
2024-05-13T20:34:19.116+05:30  INFO 76996 --- [graphql-demo] [    Test worker] c.d.g.controller.PlayerControllerTest    : Started PlayerControllerTest in 0.604 seconds (process running for 1.144)
]]></system-out>
  <system-err><![CDATA[]]></system-err>
</testsuite>
